<?xml version="1.0" encoding="UTF-8"?>
<!-- Generated by org.testng.reporters.JUnitXMLReporter -->
<testsuite ignored="0" hostname="Amars-MacBook-Pro.local" failures="1" tests="2" name="Test" time="54.1" errors="0" timestamp="2025-11-06T16:05:52 EST">
  <testcase classname="io.cucumber.testng.AbstractTestNGCucumberTests" name="runScenario" time="28.124"/>
  <testcase classname="io.cucumber.testng.AbstractTestNGCucumberTests" name="runScenario" time="25.382">
    <failure type="java.lang.AssertionError" message="null">
      <![CDATA[java.lang.AssertionError: null
at stepDefinitions.HealthInsurance.validate_error_msg(HealthInsurance.java:102)
at âœ½.Validate error msg(file:///Users/amarwattamwar/eclipse-workspace/CoverFoxnew/src/test/resources/Coverfoxfeature/coverFoxHealthInsurance.feature:19)
... Removed 2 stack frames]]>
    </failure>
  </testcase> <!-- runScenario -->
</testsuite> <!-- Test -->
