<?xml version="1.0" encoding="UTF-8"?>
<testsuite xmlns:xsi="http://www.w3.org/2001/XMLSchema-instance" xsi:noNamespaceSchemaLocation="https://maven.apache.org/surefire/maven-surefire-plugin/xsd/surefire-test-report.xsd" version="3.0.2" name="TestSuite" time="54.823" tests="2" errors="0" skipped="0" failures="0">
  <properties>
[...]
</properties>
  <testcase name="runScenario[&quot;TC01: validate Coverfox Health  Insurance for single Person&quot;, &quot;CoverFox Heath Insurance test&quot;](1)" classname="Runnerjava.healthInsuranceRunner" time="28.326">
    <system-out><![CDATA[
@retest
&amp#27;[1mScenario:&amp#27;[22m TC01: validate Coverfox Health  Insurance for single Person                    &amp#27;[90m# file:///Users/amarwattamwar/eclipse-workspace/CoverFoxnew/src/test/resources/Coverfoxfeature/coverFoxHealthInsurance.feature:4&amp#27;[39m
I am on homepage
  &amp#27;[32m✔&amp#27;[39m &amp#27;[32m&amp#27;[1mGiven &amp#27;[22mI am on homepage&amp#27;[39m                                                               &amp#27;[90m# stepDefinitions.HealthInsurance.i_am_on_homepage()&amp#27;[39m
Clicking on get started Button
I click on getStarted button
  &amp#27;[32m✔&amp#27;[39m &amp#27;[32m&amp#27;[1mWhen &amp#27;[22mI click on getStarted button&amp#27;[39m                                                    &amp#27;[90m# stepDefinitions.HealthInsurance.i_click_on_get_started_button()&amp#27;[39m
Clicking on Next Button
I click on Next button
  &amp#27;[32m✔&amp#27;[39m &amp#27;[32m&amp#27;[1mAnd &amp#27;[22mI click on Next button&amp#27;[39m                                                           &amp#27;[90m# stepDefinitions.HealthInsurance.i_click_on_next_button()&amp#27;[39m
handling dropdown by visible text... value is  34 years 
Clicling on Next Button  
I provide age as 34,click on Next button
  &amp#27;[32m✔&amp#27;[39m &amp#27;[32m&amp#27;[1mAnd &amp#27;[22mI provide age as &amp#27;[1m"34"&amp#27;[22m,click on Next button&amp#27;[39m                                       &amp#27;[90m# stepDefinitions.HealthInsurance.i_provide_age_as_click_on_next_button(java.lang.String)&amp#27;[39m
I provide pincode as 411046,MobNum as8888888888and click on continue button
Enter Pincode 
Enter Mobile number
Clicking on next button 
  &amp#27;[32m✔&amp#27;[39m &amp#27;[32m&amp#27;[1mAnd &amp#27;[22mI provide pincode as &amp#27;[1m"411046"&amp#27;[22m,MobNum as &amp#27;[1m"8888888888"&amp#27;[22mand click on continue button&amp#27;[39m &amp#27;[90m# stepDefinitions.HealthInsurance.i_provide_pincode_as_mob_num_as_and_click_on_continue_button(java.lang.String,java.lang.String)&amp#27;[39m
matching Health Insurance Plans should be displayed as48
Actual Result is:48
  &amp#27;[32m✔&amp#27;[39m &amp#27;[32m&amp#27;[1mThen &amp#27;[22mmatching Health Insurance Plans should be displayed as &amp#27;[1m"48"&amp#27;[22m&amp#27;[39m                     &amp#27;[90m# stepDefinitions.HealthInsurance.matching_health_insurance_plans_should_be_displayed_as(java.lang.String)&amp#27;[39m
closing Browser
]]></system-out>
    <system-err><![CDATA[SLF4J: Failed to load class "org.slf4j.impl.StaticLoggerBinder".
SLF4J: Defaulting to no-operation (NOP) logger implementation
SLF4J: See http://www.slf4j.org/codes.html#StaticLoggerBinder for further details.
Nov 06, 2025 4:38:42 PM org.openqa.selenium.devtools.CdpVersionFinder findNearestMatch
WARNING: Unable to find an exact match for CDP version 142, returning the closest version; found: 140; Please update to a Selenium version that supports CDP version 142
]]></system-err>
  </testcase>
  <testcase name="runScenario[&quot;TC02: validate Coverfox address detail page error msg&quot;, &quot;CoverFox Heath Insurance test&quot;](2)" classname="Runnerjava.healthInsuranceRunner" time="25.407">
    <system-out><![CDATA[
&amp#27;[1mScenario:&amp#27;[22m TC02: validate Coverfox address detail page error msg &amp#27;[90m# file:///Users/amarwattamwar/eclipse-workspace/CoverFoxnew/src/test/resources/Coverfoxfeature/coverFoxHealthInsurance.feature:13&amp#27;[39m
I am on homepage
  &amp#27;[32m✔&amp#27;[39m &amp#27;[32m&amp#27;[1mGiven &amp#27;[22mI am on homepage&amp#27;[39m                                      &amp#27;[90m# stepDefinitions.HealthInsurance.i_am_on_homepage()&amp#27;[39m
Clicking on get started Button
I click on getStarted button
  &amp#27;[32m✔&amp#27;[39m &amp#27;[32m&amp#27;[1mWhen &amp#27;[22mI click on getStarted button&amp#27;[39m                           &amp#27;[90m# stepDefinitions.HealthInsurance.i_click_on_get_started_button()&amp#27;[39m
Clicking on Next Button
I click on Next button
  &amp#27;[32m✔&amp#27;[39m &amp#27;[32m&amp#27;[1mAnd &amp#27;[22mI click on Next button&amp#27;[39m                                  &amp#27;[90m# stepDefinitions.HealthInsurance.i_click_on_next_button()&amp#27;[39m
handling dropdown by visible text... value is  34 years 
Clicling on Next Button  
I provide age as 34,click on Next button
  &amp#27;[32m✔&amp#27;[39m &amp#27;[32m&amp#27;[1mAnd &amp#27;[22mI provide age as &amp#27;[1m"34"&amp#27;[22m,click on Next button&amp#27;[39m              &amp#27;[90m# stepDefinitions.HealthInsurance.i_provide_age_as_click_on_next_button(java.lang.String)&amp#27;[39m
Clicking on next button 
  &amp#27;[32m✔&amp#27;[39m &amp#27;[32m&amp#27;[1mAnd &amp#27;[22mI click on continue button&amp#27;[39m                              &amp#27;[90m# stepDefinitions.HealthInsurance.i_click_on_continue_button()&amp#27;[39m
pincode error msg is: Please enter a valid pincode
Mob no error msg is: Please enter a valid mobile no.
pin error msg validation is complete
mob error msg validation is complete
  &amp#27;[32m✔&amp#27;[39m &amp#27;[32m&amp#27;[1mThen &amp#27;[22mValidate error msg&amp#27;[39m                                     &amp#27;[90m# stepDefinitions.HealthInsurance.validate_error_msg()&amp#27;[39m
closing Browser
]]></system-out>
    <system-err><![CDATA[Nov 06, 2025 4:39:10 PM org.openqa.selenium.devtools.CdpVersionFinder findNearestMatch
WARNING: Unable to find an exact match for CDP version 142, returning the closest version; found: 140; Please update to a Selenium version that supports CDP version 142
]]></system-err>
  </testcase>
</testsuite>