<?xml version="1.0" encoding="UTF-8"?>
<testng-results ignored="0" total="2" passed="2" failed="0" skipped="0">
  <reporter-output>
    <line>
      <![CDATA[Actual Result is:48]]>
    </line>
    <line>
      <![CDATA[closing Browser]]>
    </line>
    <line>
      <![CDATA[pincode error msg is: Please enter a valid pincode]]>
    </line>
    <line>
      <![CDATA[Mob no error msg is: Please enter a valid mobile no.]]>
    </line>
    <line>
      <![CDATA[pin error msg validation is complete]]>
    </line>
    <line>
      <![CDATA[mob error msg validation is complete]]>
    </line>
    <line>
      <![CDATA[closing Browser]]>
    </line>
  </reporter-output>
  <suite started-at="2025-11-14T10:34:04 IST" name="Suite" finished-at="2025-11-14T10:35:21 IST" duration-ms="76491">
    <groups>
      <group name="cucumber">
        <method signature="AbstractTestNGCucumberTests.runScenario(io.cucumber.testng.PickleWrapper,io.cucumber.testng.FeatureWrapper)[pri:0, instance:Runnerjava.healthInsuranceRunner@49ec71f8]" name="runScenario" class="io.cucumber.testng.AbstractTestNGCucumberTests"/>
      </group> <!-- cucumber -->
    </groups>
    <test started-at="2025-11-14T10:34:04 IST" name="Test" finished-at="2025-11-14T10:35:21 IST" duration-ms="76491">
      <class name="Runnerjava.healthInsuranceRunner">
        <test-method is-config="true" signature="setUpClass(org.testng.ITestContext)[pri:0, instance:Runnerjava.healthInsuranceRunner@49ec71f8]" started-at="2025-11-14T10:34:04 IST" name="setUpClass" finished-at="2025-11-14T10:34:06 IST" duration-ms="1789" status="PASS">
          <params>
            <param index="0">
              <value>
                <![CDATA[org.testng.TestRunner@43b40233]]>
              </value>
            </param>
          </params>
          <reporter-output>
          </reporter-output>
        </test-method> <!-- setUpClass -->
        <test-method signature="runScenario(io.cucumber.testng.PickleWrapper,io.cucumber.testng.FeatureWrapper)[pri:0, instance:Runnerjava.healthInsuranceRunner@49ec71f8]" started-at="2025-11-14T10:34:06 IST" name="runScenario" description="Runs Cucumber Scenarios" data-provider="scenarios" finished-at="2025-11-14T10:34:48 IST" duration-ms="41720" status="PASS">
          <params>
            <param index="0">
              <value>
                <![CDATA["TC01: validate Coverfox Health  Insurance for single Person"]]>
              </value>
            </param>
            <param index="1">
              <value>
                <![CDATA["CoverFox Heath Insurance test"]]>
              </value>
            </param>
          </params>
          <reporter-output>
            <line>
              <![CDATA[Actual Result is:48]]>
            </line>
            <line>
              <![CDATA[closing Browser]]>
            </line>
          </reporter-output>
        </test-method> <!-- runScenario -->
        <test-method signature="runScenario(io.cucumber.testng.PickleWrapper,io.cucumber.testng.FeatureWrapper)[pri:0, instance:Runnerjava.healthInsuranceRunner@49ec71f8]" started-at="2025-11-14T10:34:48 IST" name="runScenario" description="Runs Cucumber Scenarios" data-provider="scenarios" finished-at="2025-11-14T10:35:21 IST" duration-ms="32787" status="PASS">
          <params>
            <param index="0">
              <value>
                <![CDATA["TC02: validate Coverfox address detail page error msg"]]>
              </value>
            </param>
            <param index="1">
              <value>
                <![CDATA["CoverFox Heath Insurance test"]]>
              </value>
            </param>
          </params>
          <reporter-output>
            <line>
              <![CDATA[pincode error msg is: Please enter a valid pincode]]>
            </line>
            <line>
              <![CDATA[Mob no error msg is: Please enter a valid mobile no.]]>
            </line>
            <line>
              <![CDATA[pin error msg validation is complete]]>
            </line>
            <line>
              <![CDATA[mob error msg validation is complete]]>
            </line>
            <line>
              <![CDATA[closing Browser]]>
            </line>
          </reporter-output>
        </test-method> <!-- runScenario -->
        <test-method is-config="true" signature="tearDownClass()[pri:0, instance:Runnerjava.healthInsuranceRunner@49ec71f8]" started-at="2025-11-14T10:35:21 IST" name="tearDownClass" finished-at="2025-11-14T10:35:21 IST" duration-ms="42" status="PASS">
          <reporter-output>
          </reporter-output>
        </test-method> <!-- tearDownClass -->
      </class> <!-- Runnerjava.healthInsuranceRunner -->
    </test> <!-- Test -->
  </suite> <!-- Suite -->
</testng-results>
