<?xml version="1.0" encoding="UTF-8"?>
<testng-results ignored="0" total="2" passed="1" failed="1" skipped="0">
  <reporter-output>
    <line>
      <![CDATA[Actual Result is:48]]>
    </line>
    <line>
      <![CDATA[closing Browser]]>
    </line>
    <line>
      <![CDATA[pincode error msg is: Please enter a valid pincode]]>
    </line>
    <line>
      <![CDATA[Mob no error msg is: Please enter a valid mobile no.]]>
    </line>
    <line>
      <![CDATA[Taking screenshot]]>
    </line>
    <line>
      <![CDATA[closing Browser]]>
    </line>
  </reporter-output>
  <suite started-at="2025-11-06T16:04:58 EST" name="Suite" finished-at="2025-11-06T16:05:52 EST" duration-ms="54100">
    <groups>
      <group name="cucumber">
        <method signature="AbstractTestNGCucumberTests.runScenario(io.cucumber.testng.PickleWrapper,io.cucumber.testng.FeatureWrapper)[pri:0, instance:Runnerjava.healthInsuranceRunner@5e0e82ae]" name="runScenario" class="io.cucumber.testng.AbstractTestNGCucumberTests"/>
      </group> <!-- cucumber -->
    </groups>
    <test started-at="2025-11-06T16:04:58 EST" name="Test" finished-at="2025-11-06T16:05:52 EST" duration-ms="54100">
      <class name="Runnerjava.healthInsuranceRunner">
        <test-method is-config="true" signature="setUpClass(org.testng.ITestContext)[pri:0, instance:Runnerjava.healthInsuranceRunner@5e0e82ae]" started-at="2025-11-06T16:04:58 EST" name="setUpClass" finished-at="2025-11-06T16:04:59 EST" duration-ms="539" status="PASS">
          <params>
            <param index="0">
              <value>
                <![CDATA[org.testng.TestRunner@bbf9e07]]>
              </value>
            </param>
          </params>
          <reporter-output>
          </reporter-output>
        </test-method> <!-- setUpClass -->
        <test-method signature="runScenario(io.cucumber.testng.PickleWrapper,io.cucumber.testng.FeatureWrapper)[pri:0, instance:Runnerjava.healthInsuranceRunner@5e0e82ae]" started-at="2025-11-06T16:04:59 EST" name="runScenario" description="Runs Cucumber Scenarios" data-provider="scenarios" finished-at="2025-11-06T16:05:27 EST" duration-ms="28124" status="PASS">
          <params>
            <param index="0">
              <value>
                <![CDATA["TC01: validate Coverfox Health  Insurance for single Person"]]>
              </value>
            </param>
            <param index="1">
              <value>
                <![CDATA["CoverFox Heath Insurance test"]]>
              </value>
            </param>
          </params>
          <reporter-output>
            <line>
              <![CDATA[Actual Result is:48]]>
            </line>
            <line>
              <![CDATA[closing Browser]]>
            </line>
          </reporter-output>
        </test-method> <!-- runScenario -->
        <test-method signature="runScenario(io.cucumber.testng.PickleWrapper,io.cucumber.testng.FeatureWrapper)[pri:0, instance:Runnerjava.healthInsuranceRunner@5e0e82ae]" started-at="2025-11-06T16:05:27 EST" name="runScenario" description="Runs Cucumber Scenarios" data-provider="scenarios" finished-at="2025-11-06T16:05:52 EST" duration-ms="25382" status="FAIL">
          <params>
            <param index="0">
              <value>
                <![CDATA["TC02: validate Coverfox address detail page error msg"]]>
              </value>
            </param>
            <param index="1">
              <value>
                <![CDATA["CoverFox Heath Insurance test"]]>
              </value>
            </param>
          </params>
          <exception class="java.lang.AssertionError">
            <message>
              <![CDATA[null]]>
            </message>
            <full-stacktrace>
              <![CDATA[java.lang.AssertionError: null
at org.testng.Assert.fail(Assert.java:111)
at org.testng.Assert.fail(Assert.java:116)
at stepDefinitions.HealthInsurance.validate_error_msg(HealthInsurance.java:102)
at âœ½.Validate error msg(file:///Users/amarwattamwar/eclipse-workspace/CoverFoxnew/src/test/resources/Coverfoxfeature/coverFoxHealthInsurance.feature:19)
]]>
            </full-stacktrace>
          </exception> <!-- java.lang.AssertionError -->
          <reporter-output>
            <line>
              <![CDATA[pincode error msg is: Please enter a valid pincode]]>
            </line>
            <line>
              <![CDATA[Mob no error msg is: Please enter a valid mobile no.]]>
            </line>
            <line>
              <![CDATA[Taking screenshot]]>
            </line>
            <line>
              <![CDATA[closing Browser]]>
            </line>
          </reporter-output>
        </test-method> <!-- runScenario -->
        <test-method is-config="true" signature="tearDownClass()[pri:0, instance:Runnerjava.healthInsuranceRunner@5e0e82ae]" started-at="2025-11-06T16:05:52 EST" name="tearDownClass" finished-at="2025-11-06T16:05:52 EST" duration-ms="15" status="PASS">
          <reporter-output>
          </reporter-output>
        </test-method> <!-- tearDownClass -->
      </class> <!-- Runnerjava.healthInsuranceRunner -->
    </test> <!-- Test -->
  </suite> <!-- Suite -->
</testng-results>
