<?xml version="1.0" encoding="UTF-8"?>
<!-- Generated by org.testng.reporters.JUnitReportReporter -->
<testsuite hostname="Amars-MacBook-Pro.local" failures="1" tests="2" name="Runnerjava.healthInsuranceRunner" time="53.506" errors="0" timestamp="2025-11-06T16:05:53 EST" skipped="0">
  <testcase classname="Runnerjava.healthInsuranceRunner" name="runScenario" time="25.382">
    <failure message="null" type="java.lang.AssertionError">
      <![CDATA[java.lang.AssertionError: null
at org.testng.Assert.fail(Assert.java:111)
at org.testng.Assert.fail(Assert.java:116)
at stepDefinitions.HealthInsurance.validate_error_msg(HealthInsurance.java:102)
at âœ½.Validate error msg(file:///Users/amarwattamwar/eclipse-workspace/CoverFoxnew/src/test/resources/Coverfoxfeature/coverFoxHealthInsurance.feature:19)
]]>
    </failure>
    <system-out>
      <![CDATA[pincode error msg is: Please enter a valid pincode
Mob no error msg is: Please enter a valid mobile no.
Taking screenshot
closing Browser]]>
    </system-out>
  </testcase> <!-- runScenario -->
  <testcase classname="Runnerjava.healthInsuranceRunner" name="runScenario" time="28.124">
    <system-out>
      <![CDATA[Actual Result is:48
closing Browser]]>
    </system-out>
  </testcase> <!-- runScenario -->
  <system-out>
    <![CDATA[Actual Result is:48
closing Browser
pincode error msg is: Please enter a valid pincode
Mob no error msg is: Please enter a valid mobile no.
Taking screenshot
closing Browser]]>
  </system-out>
</testsuite> <!-- Runnerjava.healthInsuranceRunner -->
