<?xml version="1.0" encoding="UTF-8"?>
<!-- Generated by org.testng.reporters.JUnitReportReporter -->
<testsuite hostname="Amars-MacBook-Pro.local" failures="0" tests="2" name="assertionStudy.annotation" time="0.010" errors="0" timestamp="2025-11-05T21:02:50 EST" skipped="0">
  <testcase classname="assertionStudy.annotation" name="Expectedresult" time="0.007">
    <system-out>
      <![CDATA[Expected Result]]>
    </system-out>
  </testcase> <!-- Expectedresult -->
  <testcase classname="assertionStudy.annotation" name="actualResult" time="0.003">
    <system-out>
      <![CDATA[actual Result]]>
    </system-out>
  </testcase> <!-- actualResult -->
  <system-out>
    <![CDATA[before suit
Before Test
providing age 
Provide pincode and mob result
Expected Result
clearing the history
Provide pincode and mob result
actual Result
clearing the history
quiting browser
After test
After suit]]>
  </system-out>
</testsuite> <!-- assertionStudy.annotation -->
