<?xml version="1.0" encoding="UTF-8"?>
<!-- Generated by org.testng.reporters.JUnitReportReporter -->
<testsuite hostname="Amars-MacBook-Pro.local" failures="0" tests="3" name="assertionStudy.Keyword" time="0.013" errors="0" timestamp="2025-11-03T23:46:14 EST" skipped="0">
  <testcase classname="assertionStudy.Keyword" name="login" time="0.010">
    <system-out>
      <![CDATA[login test]]>
    </system-out>
  </testcase> <!-- login -->
  <testcase classname="assertionStudy.Keyword" name="signIN" time="0.001">
    <system-out>
      <![CDATA[signin test]]>
    </system-out>
  </testcase> <!-- signIN -->
  <testcase classname="assertionStudy.Keyword" name="payment" time="0.002">
    <system-out>
      <![CDATA[signin test]]>
    </system-out>
  </testcase> <!-- payment -->
  <system-out>
    <![CDATA[login test
signin test
signin test]]>
  </system-out>
</testsuite> <!-- assertionStudy.Keyword -->
