<?xml version="1.0" encoding="UTF-8"?>
<!-- Generated by org.testng.reporters.JUnitReportReporter -->
<testsuite hostname="Amars-MacBook-Pro.local" failures="0" tests="3" name="assertionStudy.Demo" time="0.011" errors="0" timestamp="2025-10-31T22:30:37 EDT" skipped="0">
  <testcase classname="assertionStudy.Demo" name="ac" time="0.009"/>
  <testcase classname="assertionStudy.Demo" name="ad" time="0.001"/>
  <testcase classname="assertionStudy.Demo" name="as" time="0.001"/>
</testsuite> <!-- assertionStudy.Demo -->
