<?xml version="1.0" encoding="UTF-8"?>
<!-- Generated by org.testng.reporters.JUnitReportReporter -->
<testsuite hostname="DESKTOP-C26J70K" failures="0" tests="2" name="Runnerjava.healthInsuranceRunner" time="74.507" errors="0" timestamp="2025-11-14T10:35:21 IST" skipped="0">
  <testcase classname="Runnerjava.healthInsuranceRunner" name="runScenario" time="41.720">
    <system-out>
      <![CDATA[Actual Result is:48
closing Browser]]>
    </system-out>
  </testcase> <!-- runScenario -->
  <testcase classname="Runnerjava.healthInsuranceRunner" name="runScenario" time="32.787">
    <system-out>
      <![CDATA[pincode error msg is: Please enter a valid pincode
Mob no error msg is: Please enter a valid mobile no.
pin error msg validation is complete
mob error msg validation is complete
closing Browser]]>
    </system-out>
  </testcase> <!-- runScenario -->
  <system-out>
    <![CDATA[Actual Result is:48
closing Browser
pincode error msg is: Please enter a valid pincode
Mob no error msg is: Please enter a valid mobile no.
pin error msg validation is complete
mob error msg validation is complete
closing Browser]]>
  </system-out>
</testsuite> <!-- Runnerjava.healthInsuranceRunner -->
