<?xml version="1.0" encoding="UTF-8"?>
<!-- Generated by org.testng.reporters.JUnitReportReporter -->
<testsuite hostname="Amars-MacBook-Pro.local" failures="0" tests="2" name="Runnerjava.healthInsuranceRunner" time="53.733" errors="0" timestamp="2025-11-06T16:39:35 EST" skipped="0">
  <testcase classname="Runnerjava.healthInsuranceRunner" name="runScenario" time="25.408">
    <system-out>
      <![CDATA[pincode error msg is: Please enter a valid pincode
Mob no error msg is: Please enter a valid mobile no.
pin error msg validation is complete
mob error msg validation is complete
closing Browser]]>
    </system-out>
  </testcase> <!-- runScenario -->
  <testcase classname="Runnerjava.healthInsuranceRunner" name="runScenario" time="28.325">
    <system-out>
      <![CDATA[Actual Result is:48
closing Browser]]>
    </system-out>
  </testcase> <!-- runScenario -->
  <system-out>
    <![CDATA[Actual Result is:48
closing Browser
pincode error msg is: Please enter a valid pincode
Mob no error msg is: Please enter a valid mobile no.
pin error msg validation is complete
mob error msg validation is complete
closing Browser]]>
  </system-out>
</testsuite> <!-- Runnerjava.healthInsuranceRunner -->
